c:\users\richardsonj\documents\python scripts\audioeffectplugins\volume\rafx2 winbuild\build\vc143.pdb
c:\users\richardsonj\documents\python scripts\audioeffectplugins\volume\rafx2 winbuild\build\vc143.idb
c:\users\richardsonj\documents\python scripts\audioeffectplugins\volume\rafx2 winbuild\build\vstgui_uidescription_win32.obj
c:\users\richardsonj\documents\python scripts\audioeffectplugins\volume\rafx2 winbuild\build\vstgui_win32.obj
c:\users\richardsonj\documents\python scripts\audioeffectplugins\volume\rafx2 winbuild\build\customcontrols.obj
c:\users\richardsonj\documents\python scripts\audioeffectplugins\volume\rafx2 winbuild\build\customviews.obj
c:\users\richardsonj\documents\python scripts\audioeffectplugins\volume\rafx2 winbuild\build\pluginbase.obj
c:\users\richardsonj\documents\python scripts\audioeffectplugins\volume\rafx2 winbuild\build\plugincore.obj
c:\users\richardsonj\documents\python scripts\audioeffectplugins\volume\rafx2 winbuild\build\plugingui.obj
c:\users\richardsonj\documents\python scripts\audioeffectplugins\volume\rafx2 winbuild\build\pluginparameter.obj
c:\users\richardsonj\documents\python scripts\audioeffectplugins\volume\rafx2 winbuild\build\fxobjects.obj
c:\users\richardsonj\documents\python scripts\audioeffectplugins\volume\rafx2 winbuild\build\rackafxdll.obj
c:\users\richardsonj\documents\python scripts\audioeffectplugins\volume\rafx2 winbuild\build\rafx2plugin.obj
c:\users\richardsonj\documents\python scripts\audioeffectplugins\volume\rafx2 winbuild\build\rafx2pluginbase.obj
c:\users\richardsonj\documents\python scripts\audioeffectplugins\volume\rafx2 winbuild\build\volume.pdb
c:\users\richardsonj\documents\python scripts\audioeffectplugins\volume\rafx2 winbuild\build\pluginguimain.res
c:\users\richardsonj\documents\python scripts\audioeffectplugins\volume\rafx2 winbuild\build\volume.lib
c:\users\richardsonj\documents\python scripts\audioeffectplugins\volume\rafx2 winbuild\build\volume.exp
c:\users\richardsonj\appdata\roaming\rackafx 7.0\plugins\volume.rafx2\contents\winos\volume.rafx2
c:\users\richardsonj\documents\python scripts\audioeffectplugins\volume\rafx2 winbuild\\build\volume.vcxproj.filelistabsolute.txt
c:\users\richardsonj\documents\python scripts\audioeffectplugins\volume\rafx2 winbuild\build\volume.tlog\cl.command.1.tlog
c:\users\richardsonj\documents\python scripts\audioeffectplugins\volume\rafx2 winbuild\build\volume.tlog\cl.items.tlog
c:\users\richardsonj\documents\python scripts\audioeffectplugins\volume\rafx2 winbuild\build\volume.tlog\cl.read.1.tlog
c:\users\richardsonj\documents\python scripts\audioeffectplugins\volume\rafx2 winbuild\build\volume.tlog\cl.write.1.tlog
c:\users\richardsonj\documents\python scripts\audioeffectplugins\volume\rafx2 winbuild\build\volume.tlog\link.command.1.tlog
c:\users\richardsonj\documents\python scripts\audioeffectplugins\volume\rafx2 winbuild\build\volume.tlog\link.read.1.tlog
c:\users\richardsonj\documents\python scripts\audioeffectplugins\volume\rafx2 winbuild\build\volume.tlog\link.secondary.1.tlog
c:\users\richardsonj\documents\python scripts\audioeffectplugins\volume\rafx2 winbuild\build\volume.tlog\link.write.1.tlog
c:\users\richardsonj\documents\python scripts\audioeffectplugins\volume\rafx2 winbuild\build\volume.tlog\rc.command.1.tlog
c:\users\richardsonj\documents\python scripts\audioeffectplugins\volume\rafx2 winbuild\build\volume.tlog\rc.read.1.tlog
c:\users\richardsonj\documents\python scripts\audioeffectplugins\volume\rafx2 winbuild\build\volume.tlog\rc.write.1.tlog
